<?xml version="1.0" encoding="UTF-8"?>
<testsuite xmlns:xsi="http://www.w3.org/2001/XMLSchema-instance" xsi:noNamespaceSchemaLocation="https://maven.apache.org/surefire/maven-surefire-plugin/xsd/surefire-test-report.xsd" version="3.0.2" name="com.developer.FinanceiroIntegradoApplicationTests" time="0.908" tests="1" errors="1" skipped="0" failures="0">
  <properties>
[...]
</properties>
  <testcase name="deveExecutarCicloCompletoFinanceiroECodigoContabil" classname="com.developer.FinanceiroIntegradoApplicationTests" time="0.831">
    <error message="could not execute statement [Field &apos;saldo&apos; doesn&apos;t have a default value] [insert into movimentacoes_bancarias (conta_bancaria_id,data_movimentacao,historico,lancamento_financeiro_id,tipo_movimentacao,valor) values (?,?,?,?,?,?)]" type="org.springframework.orm.jpa.JpaSystemException"><![CDATA[org.springframework.orm.jpa.JpaSystemException: could not execute statement [Field 'saldo' doesn't have a default value] [insert into movimentacoes_bancarias (conta_bancaria_id,data_movimentacao,historico,lancamento_financeiro_id,tipo_movimentacao,valor) values (?,?,?,?,?,?)]
	at org.springframework.orm.jpa.vendor.HibernateJpaDialect.convertHibernateAccessException(HibernateJpaDialect.java:341)
	at org.springframework.orm.jpa.vendor.HibernateJpaDialect.translateExceptionIfPossible(HibernateJpaDialect.java:241)
	at org.springframework.orm.jpa.AbstractEntityManagerFactoryBean.translateExceptionIfPossible(AbstractEntityManagerFactoryBean.java:560)
	at org.springframework.dao.support.ChainedPersistenceExceptionTranslator.translateExceptionIfPossible(ChainedPersistenceExceptionTranslator.java:61)
	at org.springframework.dao.support.DataAccessUtils.translateIfNecessary(DataAccessUtils.java:343)
	at org.springframework.dao.support.PersistenceExceptionTranslationInterceptor.invoke(PersistenceExceptionTranslationInterceptor.java:160)
	at org.springframework.aop.framework.ReflectiveMethodInvocation.proceed(ReflectiveMethodInvocation.java:184)
	at org.springframework.data.jpa.repository.support.CrudMethodMetadataPostProcessor$CrudMethodMetadataPopulatingMethodInterceptor.invoke(CrudMethodMetadataPostProcessor.java:165)
	at org.springframework.aop.framework.ReflectiveMethodInvocation.proceed(ReflectiveMethodInvocation.java:184)
	at org.springframework.aop.framework.JdkDynamicAopProxy.invoke(JdkDynamicAopProxy.java:223)
	at jdk.proxy2/jdk.proxy2.$Proxy174.save(Unknown Source)
	at com.developer.contas.service.LiquidacaoService.liquidarFatura(LiquidacaoService.java:81)
	at java.base/jdk.internal.reflect.DirectMethodHandleAccessor.invoke(DirectMethodHandleAccessor.java:103)
	at java.base/java.lang.reflect.Method.invoke(Method.java:580)
	at org.springframework.aop.support.AopUtils.invokeJoinpointUsingReflection(AopUtils.java:359)
	at org.springframework.aop.framework.ReflectiveMethodInvocation.invokeJoinpoint(ReflectiveMethodInvocation.java:196)
	at org.springframework.aop.framework.ReflectiveMethodInvocation.proceed(ReflectiveMethodInvocation.java:163)
	at org.springframework.transaction.interceptor.TransactionAspectSupport.invokeWithinTransaction(TransactionAspectSupport.java:380)
	at org.springframework.transaction.interceptor.TransactionInterceptor.invoke(TransactionInterceptor.java:119)
	at org.springframework.aop.framework.ReflectiveMethodInvocation.proceed(ReflectiveMethodInvocation.java:184)
	at org.springframework.aop.framework.CglibAopProxy$DynamicAdvisedInterceptor.intercept(CglibAopProxy.java:727)
	at com.developer.contas.service.LiquidacaoService$$SpringCGLIB$$0.liquidarFatura(<generated>)
	at com.developer.FinanceiroIntegradoApplicationTests.deveExecutarCicloCompletoFinanceiroECodigoContabil(FinanceiroIntegradoApplicationTests.java:167)
	at java.base/java.lang.reflect.Method.invoke(Method.java:580)
	at java.base/java.util.ArrayList.forEach(ArrayList.java:1596)
	at java.base/java.util.ArrayList.forEach(ArrayList.java:1596)
Caused by: org.hibernate.exception.GenericJDBCException: could not execute statement [Field 'saldo' doesn't have a default value] [insert into movimentacoes_bancarias (conta_bancaria_id,data_movimentacao,historico,lancamento_financeiro_id,tipo_movimentacao,valor) values (?,?,?,?,?,?)]
	at org.hibernate.exception.internal.StandardSQLExceptionConverter.convert(StandardSQLExceptionConverter.java:63)
	at org.hibernate.engine.jdbc.spi.SqlExceptionHelper.convert(SqlExceptionHelper.java:108)
	at org.hibernate.engine.jdbc.internal.ResultSetReturnImpl.executeUpdate(ResultSetReturnImpl.java:197)
	at org.hibernate.id.insert.GetGeneratedKeysDelegate.performMutation(GetGeneratedKeysDelegate.java:116)
	at org.hibernate.engine.jdbc.mutation.internal.MutationExecutorSingleNonBatched.performNonBatchedOperations(MutationExecutorSingleNonBatched.java:47)
	at org.hibernate.engine.jdbc.mutation.internal.AbstractMutationExecutor.execute(AbstractMutationExecutor.java:55)
	at org.hibernate.persister.entity.mutation.InsertCoordinatorStandard.doStaticInserts(InsertCoordinatorStandard.java:194)
	at org.hibernate.persister.entity.mutation.InsertCoordinatorStandard.coordinateInsert(InsertCoordinatorStandard.java:132)
	at org.hibernate.persister.entity.mutation.InsertCoordinatorStandard.insert(InsertCoordinatorStandard.java:95)
	at org.hibernate.action.internal.EntityIdentityInsertAction.execute(EntityIdentityInsertAction.java:85)
	at org.hibernate.engine.spi.ActionQueue.execute(ActionQueue.java:682)
	at org.hibernate.engine.spi.ActionQueue.addResolvedEntityInsertAction(ActionQueue.java:293)
	at org.hibernate.engine.spi.ActionQueue.addInsertAction(ActionQueue.java:274)
	at org.hibernate.engine.spi.ActionQueue.addAction(ActionQueue.java:324)
	at org.hibernate.event.internal.AbstractSaveEventListener.addInsertAction(AbstractSaveEventListener.java:393)
	at org.hibernate.event.internal.AbstractSaveEventListener.performSaveOrReplicate(AbstractSaveEventListener.java:307)
	at org.hibernate.event.internal.AbstractSaveEventListener.performSave(AbstractSaveEventListener.java:223)
	at org.hibernate.event.internal.AbstractSaveEventListener.saveWithGeneratedId(AbstractSaveEventListener.java:136)
	at org.hibernate.event.internal.DefaultPersistEventListener.entityIsTransient(DefaultPersistEventListener.java:177)
	at org.hibernate.event.internal.DefaultPersistEventListener.persist(DefaultPersistEventListener.java:95)
	at org.hibernate.event.internal.DefaultPersistEventListener.onPersist(DefaultPersistEventListener.java:79)
	at org.hibernate.event.internal.DefaultPersistEventListener.onPersist(DefaultPersistEventListener.java:55)
	at org.hibernate.event.service.internal.EventListenerGroupImpl.fireEventOnEachListener(EventListenerGroupImpl.java:127)
	at org.hibernate.internal.SessionImpl.firePersist(SessionImpl.java:761)
	at org.hibernate.internal.SessionImpl.persist(SessionImpl.java:745)
	at java.base/jdk.internal.reflect.DirectMethodHandleAccessor.invoke(DirectMethodHandleAccessor.java:103)
	at java.base/java.lang.reflect.Method.invoke(Method.java:580)
	at org.springframework.orm.jpa.SharedEntityManagerCreator$SharedEntityManagerInvocationHandler.invoke(SharedEntityManagerCreator.java:320)
	at jdk.proxy2/jdk.proxy2.$Proxy156.persist(Unknown Source)
	at org.springframework.data.jpa.repository.support.SimpleJpaRepository.save(SimpleJpaRepository.java:636)
	at java.base/jdk.internal.reflect.DirectMethodHandleAccessor.invoke(DirectMethodHandleAccessor.java:103)
	at java.base/java.lang.reflect.Method.invoke(Method.java:580)
	at org.springframework.aop.support.AopUtils.invokeJoinpointUsingReflection(AopUtils.java:359)
	at org.springframework.data.repository.core.support.RepositoryMethodInvoker$RepositoryFragmentMethodInvoker.lambda$new$0(RepositoryMethodInvoker.java:277)
	at org.springframework.data.repository.core.support.RepositoryMethodInvoker.doInvoke(RepositoryMethodInvoker.java:170)
	at org.springframework.data.repository.core.support.RepositoryMethodInvoker.invoke(RepositoryMethodInvoker.java:158)
	at org.springframework.data.repository.core.support.RepositoryComposition$RepositoryFragments.invoke(RepositoryComposition.java:515)
	at org.springframework.data.repository.core.support.RepositoryComposition.invoke(RepositoryComposition.java:284)
	at org.springframework.data.repository.core.support.RepositoryFactorySupport$ImplementationMethodExecutionInterceptor.invoke(RepositoryFactorySupport.java:752)
	at org.springframework.aop.framework.ReflectiveMethodInvocation.proceed(ReflectiveMethodInvocation.java:184)
	at org.springframework.data.repository.core.support.QueryExecutorMethodInterceptor.doInvoke(QueryExecutorMethodInterceptor.java:174)
	at org.springframework.data.repository.core.support.QueryExecutorMethodInterceptor.invoke(QueryExecutorMethodInterceptor.java:149)
	at org.springframework.aop.framework.ReflectiveMethodInvocation.proceed(ReflectiveMethodInvocation.java:184)
	at org.springframework.data.projection.DefaultMethodInvokingMethodInterceptor.invoke(DefaultMethodInvokingMethodInterceptor.java:69)
	at org.springframework.aop.framework.ReflectiveMethodInvocation.proceed(ReflectiveMethodInvocation.java:184)
	at org.springframework.transaction.interceptor.TransactionAspectSupport.invokeWithinTransaction(TransactionAspectSupport.java:380)
	at org.springframework.transaction.interceptor.TransactionInterceptor.invoke(TransactionInterceptor.java:119)
	at org.springframework.aop.framework.ReflectiveMethodInvocation.proceed(ReflectiveMethodInvocation.java:184)
	at org.springframework.dao.support.PersistenceExceptionTranslationInterceptor.invoke(PersistenceExceptionTranslationInterceptor.java:138)
	... 20 more
Caused by: java.sql.SQLException: Field 'saldo' doesn't have a default value
	at com.mysql.cj.jdbc.exceptions.SQLError.createSQLException(SQLError.java:121)
	at com.mysql.cj.jdbc.exceptions.SQLExceptionsMapping.translateException(SQLExceptionsMapping.java:114)
	at com.mysql.cj.jdbc.ClientPreparedStatement.executeInternal(ClientPreparedStatement.java:988)
	at com.mysql.cj.jdbc.ClientPreparedStatement.executeUpdateInternal(ClientPreparedStatement.java:1166)
	at com.mysql.cj.jdbc.ClientPreparedStatement.executeUpdateInternal(ClientPreparedStatement.java:1101)
	at com.mysql.cj.jdbc.ClientPreparedStatement.executeLargeUpdate(ClientPreparedStatement.java:1467)
	at com.mysql.cj.jdbc.ClientPreparedStatement.executeUpdate(ClientPreparedStatement.java:1084)
	at com.zaxxer.hikari.pool.ProxyPreparedStatement.executeUpdate(ProxyPreparedStatement.java:61)
	at com.zaxxer.hikari.pool.HikariProxyPreparedStatement.executeUpdate(HikariProxyPreparedStatement.java)
	at org.hibernate.engine.jdbc.internal.ResultSetReturnImpl.executeUpdate(ResultSetReturnImpl.java:194)
	... 66 more
]]></error>
    <system-out><![CDATA[2026-08-07T11:57:44.612-03:00  INFO 7452 --- [contas] [           main] t.c.s.AnnotationConfigContextLoaderUtils : Could not detect default configuration classes for test class [com.developer.FinanceiroIntegradoApplicationTests]: FinanceiroIntegradoApplicationTests does not declare any static, non-private, non-final, nested classes annotated with @Configuration.
2026-08-07T11:57:44.621-03:00  INFO 7452 --- [contas] [           main] .b.t.c.SpringBootTestContextBootstrapper : Found @SpringBootConfiguration com.developer.ContasApplication for test class com.developer.FinanceiroIntegradoApplicationTests
Hibernate: select lc1_0.id,lc1_0.data_fato,lc1_0.descricao,lc1_0.origem from lotes_contabeis lc1_0
Hibernate: select tc1_0.id,tc1_0.cartao_credito_id,tc1_0.data_transacao,tc1_0.estabelecimento,tc1_0.fatura_mes_ano,tc1_0.lancamento_financeiro_id,tc1_0.numero_parcela,tc1_0.total_parcelas,tc1_0.valor from transacoes_cartao tc1_0
Hibernate: select lf1_0.id,lf1_0.data_emissao,lf1_0.data_vencimento,lf1_0.descricao,lf1_0.empresa_id,lf1_0.numero_documento,lf1_0.parceiro_id,lf1_0.plano_contas_id,lf1_0.status,lf1_0.tipo_lancamento,lf1_0.valor_original,lf1_0.valor_pago from lancamentos_financeiros lf1_0
Hibernate: select cc1_0.id,cc1_0.bandeira,cc1_0.conta_bancaria_id,cc1_0.dia_fechamento,cc1_0.dia_vencimento,cc1_0.limite_disponivel,cc1_0.limite_total,cc1_0.nome_cartao from cartoes_credito cc1_0
Hibernate: select cb1_0.id,cb1_0.agencia,cb1_0.alteracao,cb1_0.ativo,cb1_0.banco_codigo,cb1_0.criacao,cb1_0.empresa_id,cb1_0.nome_conta,cb1_0.numero_conta,cb1_0.saldo_atual,cb1_0.tipo_conta,cb1_0.usuario from contas_bancarias cb1_0
Hibernate: insert into empresas (alteracao,ativo,cnpj,criacao,nome_fantasia,razao_social,usuario) values (?,?,?,?,?,?,?)
Hibernate: insert into parceiros (alteracao,ativo,cpf_cnpj,criacao,email,nome,telefone,tipo,usuario) values (?,?,?,?,?,?,?,?,?)
Hibernate: insert into plano_contas (alteracao,analitica,ativo,codigo_estrutural,criacao,descricao,natureza,nivel,tipo,usuario) values (?,?,?,?,?,?,?,?,?,?)
Hibernate: insert into plano_contas (alteracao,analitica,ativo,codigo_estrutural,criacao,descricao,natureza,nivel,tipo,usuario) values (?,?,?,?,?,?,?,?,?,?)
Hibernate: insert into contas_bancarias (agencia,alteracao,ativo,banco_codigo,criacao,empresa_id,nome_conta,numero_conta,saldo_atual,tipo_conta,usuario) values (?,?,?,?,?,?,?,?,?,?,?)
Hibernate: insert into cartoes_credito (bandeira,conta_bancaria_id,dia_fechamento,dia_vencimento,limite_disponivel,limite_total,nome_cartao) values (?,?,?,?,?,?,?)
Hibernate: insert into transacoes_cartao (cartao_credito_id,data_transacao,estabelecimento,fatura_mes_ano,lancamento_financeiro_id,numero_parcela,total_parcelas,valor) values (?,?,?,?,?,?,?,?)
2026-08-07T11:57:45.252-03:00  INFO 7452 --- [contas] [           main] c.d.contas.service.CartaoCreditoService  : Inicio do processo de fechar faturas são 11:57:45.252182
Hibernate: update cartoes_credito set bandeira=?,conta_bancaria_id=?,dia_fechamento=?,dia_vencimento=?,limite_disponivel=?,limite_total=?,nome_cartao=? where id=?
Hibernate: select cc1_0.id,cc1_0.bandeira,cc1_0.conta_bancaria_id,cc1_0.dia_fechamento,cc1_0.dia_vencimento,cc1_0.limite_disponivel,cc1_0.limite_total,cc1_0.nome_cartao from cartoes_credito cc1_0 where cc1_0.dia_fechamento=?
Hibernate: select tc1_0.id,tc1_0.cartao_credito_id,tc1_0.data_transacao,tc1_0.estabelecimento,tc1_0.fatura_mes_ano,tc1_0.lancamento_financeiro_id,tc1_0.numero_parcela,tc1_0.total_parcelas,tc1_0.valor from transacoes_cartao tc1_0 left join cartoes_credito cc1_0 on cc1_0.id=tc1_0.cartao_credito_id where cc1_0.id=? and tc1_0.fatura_mes_ano=?
Hibernate: select p1_0.id,p1_0.alteracao,p1_0.ativo,p1_0.cpf_cnpj,p1_0.criacao,p1_0.email,p1_0.nome,p1_0.telefone,p1_0.tipo,p1_0.usuario from parceiros p1_0
Hibernate: select pc1_0.id,pc1_0.alteracao,pc1_0.analitica,pc1_0.ativo,pc1_0.codigo_estrutural,pc1_0.criacao,pc1_0.descricao,pc1_0.natureza,pc1_0.nivel,pc1_0.tipo,pc1_0.usuario from plano_contas pc1_0 where pc1_0.codigo_estrutural=?
Hibernate: insert into lancamentos_financeiros (data_emissao,data_vencimento,descricao,empresa_id,numero_documento,parceiro_id,plano_contas_id,status,tipo_lancamento,valor_original,valor_pago) values (?,?,?,?,?,?,?,?,?,?,?)
Hibernate: select lf1_0.id,lf1_0.data_emissao,lf1_0.data_vencimento,lf1_0.descricao,lf1_0.empresa_id,lf1_0.numero_documento,lf1_0.parceiro_id,lf1_0.plano_contas_id,lf1_0.status,lf1_0.tipo_lancamento,lf1_0.valor_original,lf1_0.valor_pago from lancamentos_financeiros lf1_0
Hibernate: insert into movimentacoes_bancarias (conta_bancaria_id,data_movimentacao,historico,lancamento_financeiro_id,tipo_movimentacao,valor) values (?,?,?,?,?,?)
2026-08-07T11:57:45.415-03:00  WARN 7452 --- [contas] [           main] o.h.engine.jdbc.spi.SqlExceptionHelper   : SQL Error: 1364, SQLState: HY000
2026-08-07T11:57:45.416-03:00 ERROR 7452 --- [contas] [           main] o.h.engine.jdbc.spi.SqlExceptionHelper   : Field 'saldo' doesn't have a default value
]]></system-out>
  </testcase>
</testsuite>